Unable to generate source code file: com.naotakapp.camtest.SocTestEndpointConfigurer

java.lang.NullPointerException
	at org.eclipse.jdt.internal.apt.pluggable.core.dispatch.IdeProcessingEnvImpl.getEnclosingIFile(IdeProcessingEnvImpl.java:148)
	at org.eclipse.jdt.internal.apt.pluggable.core.filer.IdeFilerImpl.createSourceFile(IdeFilerImpl.java:186)
	at org.apache.camel.tools.apt.EndpointPropertyConfigurerGenerator.generatePropertyConfigurer(EndpointPropertyConfigurerGenerator.java:76)
	at org.apache.camel.tools.apt.EndpointAnnotationProcessor.generateEndpointConfigurer(EndpointAnnotationProcessor.java:241)
	at org.apache.camel.tools.apt.EndpointAnnotationProcessor.writeJSonSchemeAndPropertyConfigurer(EndpointAnnotationProcessor.java:190)
	at org.apache.camel.tools.apt.EndpointAnnotationProcessor.lambda$processEndpointClass$0(EndpointAnnotationProcessor.java:122)
	at org.apache.camel.tools.apt.AnnotationProcessorHelper.processFile(AnnotationProcessorHelper.java:330)
	at org.apache.camel.tools.apt.EndpointAnnotationProcessor.processEndpointClass(EndpointAnnotationProcessor.java:121)
	at org.apache.camel.tools.apt.EndpointAnnotationProcessor.doProcess(EndpointAnnotationProcessor.java:87)
	at org.apache.camel.tools.apt.AbstractCamelAnnotationProcessor.process(AbstractCamelAnnotationProcessor.java:42)
	at org.eclipse.jdt.internal.compiler.apt.dispatch.RoundDispatcher.handleProcessor(RoundDispatcher.java:142)
	at org.eclipse.jdt.internal.compiler.apt.dispatch.RoundDispatcher.round(RoundDispatcher.java:113)
	at org.eclipse.jdt.internal.compiler.apt.dispatch.BaseAnnotationProcessorManager.processAnnotations(BaseAnnotationProcessorManager.java:171)
	at org.eclipse.jdt.internal.apt.pluggable.core.dispatch.IdeAnnotationProcessorManager.processAnnotations(IdeAnnotationProcessorManager.java:138)
	at org.eclipse.jdt.internal.compiler.Compiler.processAnnotationsInternal(Compiler.java:957)
	at org.eclipse.jdt.internal.compiler.Compiler.processAnnotations(Compiler.java:931)
	at org.eclipse.jdt.internal.compiler.Compiler.compile(Compiler.java:450)
	at org.eclipse.jdt.internal.compiler.Compiler.compile(Compiler.java:426)
	at org.eclipse.jdt.internal.core.builder.AbstractImageBuilder.compile(AbstractImageBuilder.java:386)
	at org.eclipse.jdt.internal.core.builder.IncrementalImageBuilder.compile(IncrementalImageBuilder.java:374)
	at org.eclipse.jdt.internal.core.builder.AbstractImageBuilder.compile(AbstractImageBuilder.java:318)
	at org.eclipse.jdt.internal.core.builder.IncrementalImageBuilder.incrementalBuildLoop(IncrementalImageBuilder.java:189)
	at org.eclipse.jdt.internal.core.builder.IncrementalImageBuilder.build(IncrementalImageBuilder.java:146)
	at org.eclipse.jdt.internal.core.builder.JavaBuilder.buildDeltas(JavaBuilder.java:292)
	at org.eclipse.jdt.internal.core.builder.JavaBuilder.build(JavaBuilder.java:212)
	at org.eclipse.core.internal.events.BuildManager$2.run(BuildManager.java:832)
	at org.eclipse.core.runtime.SafeRunner.run(SafeRunner.java:45)
	at org.eclipse.core.internal.events.BuildManager.basicBuild(BuildManager.java:220)
	at org.eclipse.core.internal.events.BuildManager.basicBuild(BuildManager.java:263)
	at org.eclipse.core.internal.events.BuildManager$1.run(BuildManager.java:316)
	at org.eclipse.core.runtime.SafeRunner.run(SafeRunner.java:45)
	at org.eclipse.core.internal.events.BuildManager.basicBuild(BuildManager.java:319)
	at org.eclipse.core.internal.events.BuildManager.basicBuildLoop(BuildManager.java:371)
	at org.eclipse.core.internal.events.BuildManager.build(BuildManager.java:392)
	at org.eclipse.core.internal.events.AutoBuildJob.doBuild(AutoBuildJob.java:154)
	at org.eclipse.core.internal.events.AutoBuildJob.run(AutoBuildJob.java:244)
	at org.eclipse.core.internal.jobs.Worker.run(Worker.java:63)
Unable to generate source code file: com.naotakapp.camtest.SocTestEndpointConfigurer

java.lang.NullPointerException
	at org.eclipse.jdt.internal.apt.pluggable.core.dispatch.IdeProcessingEnvImpl.getEnclosingIFile(IdeProcessingEnvImpl.java:148)
	at org.eclipse.jdt.internal.apt.pluggable.core.filer.IdeFilerImpl.createSourceFile(IdeFilerImpl.java:186)
	at org.apache.camel.tools.apt.EndpointPropertyConfigurerGenerator.generatePropertyConfigurer(EndpointPropertyConfigurerGenerator.java:76)
	at org.apache.camel.tools.apt.EndpointAnnotationProcessor.generateEndpointConfigurer(EndpointAnnotationProcessor.java:241)
	at org.apache.camel.tools.apt.EndpointAnnotationProcessor.writeJSonSchemeAndPropertyConfigurer(EndpointAnnotationProcessor.java:190)
	at org.apache.camel.tools.apt.EndpointAnnotationProcessor.lambda$processEndpointClass$0(EndpointAnnotationProcessor.java:122)
	at org.apache.camel.tools.apt.AnnotationProcessorHelper.processFile(AnnotationProcessorHelper.java:330)
	at org.apache.camel.tools.apt.EndpointAnnotationProcessor.processEndpointClass(EndpointAnnotationProcessor.java:121)
	at org.apache.camel.tools.apt.EndpointAnnotationProcessor.doProcess(EndpointAnnotationProcessor.java:87)
	at org.apache.camel.tools.apt.AbstractCamelAnnotationProcessor.process(AbstractCamelAnnotationProcessor.java:42)
	at org.eclipse.jdt.internal.compiler.apt.dispatch.RoundDispatcher.handleProcessor(RoundDispatcher.java:142)
	at org.eclipse.jdt.internal.compiler.apt.dispatch.RoundDispatcher.round(RoundDispatcher.java:113)
	at org.eclipse.jdt.internal.compiler.apt.dispatch.BaseAnnotationProcessorManager.processAnnotations(BaseAnnotationProcessorManager.java:171)
	at org.eclipse.jdt.internal.apt.pluggable.core.dispatch.IdeAnnotationProcessorManager.processAnnotations(IdeAnnotationProcessorManager.java:138)
	at org.eclipse.jdt.internal.compiler.Compiler.processAnnotationsInternal(Compiler.java:957)
	at org.eclipse.jdt.internal.compiler.Compiler.processAnnotations(Compiler.java:931)
	at org.eclipse.jdt.internal.compiler.Compiler.compile(Compiler.java:450)
	at org.eclipse.jdt.internal.compiler.Compiler.compile(Compiler.java:426)
	at org.eclipse.jdt.internal.core.builder.AbstractImageBuilder.compile(AbstractImageBuilder.java:386)
	at org.eclipse.jdt.internal.core.builder.IncrementalImageBuilder.compile(IncrementalImageBuilder.java:374)
	at org.eclipse.jdt.internal.core.builder.AbstractImageBuilder.compile(AbstractImageBuilder.java:318)
	at org.eclipse.jdt.internal.core.builder.IncrementalImageBuilder.incrementalBuildLoop(IncrementalImageBuilder.java:189)
	at org.eclipse.jdt.internal.core.builder.IncrementalImageBuilder.build(IncrementalImageBuilder.java:146)
	at org.eclipse.jdt.internal.core.builder.JavaBuilder.buildDeltas(JavaBuilder.java:292)
	at org.eclipse.jdt.internal.core.builder.JavaBuilder.build(JavaBuilder.java:212)
	at org.eclipse.core.internal.events.BuildManager$2.run(BuildManager.java:832)
	at org.eclipse.core.runtime.SafeRunner.run(SafeRunner.java:45)
	at org.eclipse.core.internal.events.BuildManager.basicBuild(BuildManager.java:220)
	at org.eclipse.core.internal.events.BuildManager.basicBuild(BuildManager.java:263)
	at org.eclipse.core.internal.events.BuildManager$1.run(BuildManager.java:316)
	at org.eclipse.core.runtime.SafeRunner.run(SafeRunner.java:45)
	at org.eclipse.core.internal.events.BuildManager.basicBuild(BuildManager.java:319)
	at org.eclipse.core.internal.events.BuildManager.basicBuildLoop(BuildManager.java:371)
	at org.eclipse.core.internal.events.BuildManager.build(BuildManager.java:392)
	at org.eclipse.core.internal.events.AutoBuildJob.doBuild(AutoBuildJob.java:154)
	at org.eclipse.core.internal.events.AutoBuildJob.run(AutoBuildJob.java:244)
	at org.eclipse.core.internal.jobs.Worker.run(Worker.java:63)
Unable to generate source code file: com.naotakapp.camtest.SocTestEndpointConfigurer

java.lang.NullPointerException
	at org.eclipse.jdt.internal.apt.pluggable.core.dispatch.IdeProcessingEnvImpl.getEnclosingIFile(IdeProcessingEnvImpl.java:148)
	at org.eclipse.jdt.internal.apt.pluggable.core.filer.IdeFilerImpl.createSourceFile(IdeFilerImpl.java:186)
	at org.apache.camel.tools.apt.EndpointPropertyConfigurerGenerator.generatePropertyConfigurer(EndpointPropertyConfigurerGenerator.java:76)
	at org.apache.camel.tools.apt.EndpointAnnotationProcessor.generateEndpointConfigurer(EndpointAnnotationProcessor.java:241)
	at org.apache.camel.tools.apt.EndpointAnnotationProcessor.writeJSonSchemeAndPropertyConfigurer(EndpointAnnotationProcessor.java:190)
	at org.apache.camel.tools.apt.EndpointAnnotationProcessor.lambda$processEndpointClass$0(EndpointAnnotationProcessor.java:122)
	at org.apache.camel.tools.apt.AnnotationProcessorHelper.processFile(AnnotationProcessorHelper.java:330)
	at org.apache.camel.tools.apt.EndpointAnnotationProcessor.processEndpointClass(EndpointAnnotationProcessor.java:121)
	at org.apache.camel.tools.apt.EndpointAnnotationProcessor.doProcess(EndpointAnnotationProcessor.java:87)
	at org.apache.camel.tools.apt.AbstractCamelAnnotationProcessor.process(AbstractCamelAnnotationProcessor.java:42)
	at org.eclipse.jdt.internal.compiler.apt.dispatch.RoundDispatcher.handleProcessor(RoundDispatcher.java:142)
	at org.eclipse.jdt.internal.compiler.apt.dispatch.RoundDispatcher.round(RoundDispatcher.java:113)
	at org.eclipse.jdt.internal.compiler.apt.dispatch.BaseAnnotationProcessorManager.processAnnotations(BaseAnnotationProcessorManager.java:171)
	at org.eclipse.jdt.internal.apt.pluggable.core.dispatch.IdeAnnotationProcessorManager.processAnnotations(IdeAnnotationProcessorManager.java:138)
	at org.eclipse.jdt.internal.compiler.Compiler.processAnnotationsInternal(Compiler.java:957)
	at org.eclipse.jdt.internal.compiler.Compiler.processAnnotations(Compiler.java:931)
	at org.eclipse.jdt.internal.compiler.Compiler.compile(Compiler.java:450)
	at org.eclipse.jdt.internal.compiler.Compiler.compile(Compiler.java:426)
	at org.eclipse.jdt.internal.core.builder.AbstractImageBuilder.compile(AbstractImageBuilder.java:386)
	at org.eclipse.jdt.internal.core.builder.IncrementalImageBuilder.compile(IncrementalImageBuilder.java:374)
	at org.eclipse.jdt.internal.core.builder.AbstractImageBuilder.compile(AbstractImageBuilder.java:318)
	at org.eclipse.jdt.internal.core.builder.IncrementalImageBuilder.incrementalBuildLoop(IncrementalImageBuilder.java:189)
	at org.eclipse.jdt.internal.core.builder.IncrementalImageBuilder.build(IncrementalImageBuilder.java:146)
	at org.eclipse.jdt.internal.core.builder.JavaBuilder.buildDeltas(JavaBuilder.java:292)
	at org.eclipse.jdt.internal.core.builder.JavaBuilder.build(JavaBuilder.java:212)
	at org.eclipse.core.internal.events.BuildManager$2.run(BuildManager.java:832)
	at org.eclipse.core.runtime.SafeRunner.run(SafeRunner.java:45)
	at org.eclipse.core.internal.events.BuildManager.basicBuild(BuildManager.java:220)
	at org.eclipse.core.internal.events.BuildManager.basicBuild(BuildManager.java:263)
	at org.eclipse.core.internal.events.BuildManager$1.run(BuildManager.java:316)
	at org.eclipse.core.runtime.SafeRunner.run(SafeRunner.java:45)
	at org.eclipse.core.internal.events.BuildManager.basicBuild(BuildManager.java:319)
	at org.eclipse.core.internal.events.BuildManager.basicBuildLoop(BuildManager.java:371)
	at org.eclipse.core.internal.events.BuildManager.build(BuildManager.java:392)
	at org.eclipse.core.internal.events.AutoBuildJob.doBuild(AutoBuildJob.java:154)
	at org.eclipse.core.internal.events.AutoBuildJob.run(AutoBuildJob.java:244)
	at org.eclipse.core.internal.jobs.Worker.run(Worker.java:63)
Unable to generate source code file: com.naotakapp.camtest.SocTestEndpointConfigurer

java.lang.NullPointerException
	at org.eclipse.jdt.internal.apt.pluggable.core.dispatch.IdeProcessingEnvImpl.getEnclosingIFile(IdeProcessingEnvImpl.java:148)
	at org.eclipse.jdt.internal.apt.pluggable.core.filer.IdeFilerImpl.createSourceFile(IdeFilerImpl.java:186)
	at org.apache.camel.tools.apt.EndpointPropertyConfigurerGenerator.generatePropertyConfigurer(EndpointPropertyConfigurerGenerator.java:76)
	at org.apache.camel.tools.apt.EndpointAnnotationProcessor.generateEndpointConfigurer(EndpointAnnotationProcessor.java:241)
	at org.apache.camel.tools.apt.EndpointAnnotationProcessor.writeJSonSchemeAndPropertyConfigurer(EndpointAnnotationProcessor.java:190)
	at org.apache.camel.tools.apt.EndpointAnnotationProcessor.lambda$processEndpointClass$0(EndpointAnnotationProcessor.java:122)
	at org.apache.camel.tools.apt.AnnotationProcessorHelper.processFile(AnnotationProcessorHelper.java:330)
	at org.apache.camel.tools.apt.EndpointAnnotationProcessor.processEndpointClass(EndpointAnnotationProcessor.java:121)
	at org.apache.camel.tools.apt.EndpointAnnotationProcessor.doProcess(EndpointAnnotationProcessor.java:87)
	at org.apache.camel.tools.apt.AbstractCamelAnnotationProcessor.process(AbstractCamelAnnotationProcessor.java:42)
	at org.eclipse.jdt.internal.compiler.apt.dispatch.RoundDispatcher.handleProcessor(RoundDispatcher.java:142)
	at org.eclipse.jdt.internal.compiler.apt.dispatch.RoundDispatcher.round(RoundDispatcher.java:113)
	at org.eclipse.jdt.internal.compiler.apt.dispatch.BaseAnnotationProcessorManager.processAnnotations(BaseAnnotationProcessorManager.java:171)
	at org.eclipse.jdt.internal.apt.pluggable.core.dispatch.IdeAnnotationProcessorManager.processAnnotations(IdeAnnotationProcessorManager.java:138)
	at org.eclipse.jdt.internal.compiler.Compiler.processAnnotationsInternal(Compiler.java:957)
	at org.eclipse.jdt.internal.compiler.Compiler.processAnnotations(Compiler.java:931)
	at org.eclipse.jdt.internal.compiler.Compiler.compile(Compiler.java:450)
	at org.eclipse.jdt.internal.compiler.Compiler.compile(Compiler.java:426)
	at org.eclipse.jdt.internal.core.builder.AbstractImageBuilder.compile(AbstractImageBuilder.java:386)
	at org.eclipse.jdt.internal.core.builder.IncrementalImageBuilder.compile(IncrementalImageBuilder.java:374)
	at org.eclipse.jdt.internal.core.builder.AbstractImageBuilder.compile(AbstractImageBuilder.java:318)
	at org.eclipse.jdt.internal.core.builder.IncrementalImageBuilder.incrementalBuildLoop(IncrementalImageBuilder.java:189)
	at org.eclipse.jdt.internal.core.builder.IncrementalImageBuilder.build(IncrementalImageBuilder.java:146)
	at org.eclipse.jdt.internal.core.builder.JavaBuilder.buildDeltas(JavaBuilder.java:292)
	at org.eclipse.jdt.internal.core.builder.JavaBuilder.build(JavaBuilder.java:212)
	at org.eclipse.core.internal.events.BuildManager$2.run(BuildManager.java:832)
	at org.eclipse.core.runtime.SafeRunner.run(SafeRunner.java:45)
	at org.eclipse.core.internal.events.BuildManager.basicBuild(BuildManager.java:220)
	at org.eclipse.core.internal.events.BuildManager.basicBuild(BuildManager.java:263)
	at org.eclipse.core.internal.events.BuildManager$1.run(BuildManager.java:316)
	at org.eclipse.core.runtime.SafeRunner.run(SafeRunner.java:45)
	at org.eclipse.core.internal.events.BuildManager.basicBuild(BuildManager.java:319)
	at org.eclipse.core.internal.events.BuildManager.basicBuildLoop(BuildManager.java:371)
	at org.eclipse.core.internal.events.BuildManager.build(BuildManager.java:392)
	at org.eclipse.core.internal.events.AutoBuildJob.doBuild(AutoBuildJob.java:154)
	at org.eclipse.core.internal.events.AutoBuildJob.run(AutoBuildJob.java:244)
	at org.eclipse.core.internal.jobs.Worker.run(Worker.java:63)
Unable to generate source code file: com.naotakapp.camtest.SocTestEndpointConfigurer

java.lang.NullPointerException
	at org.eclipse.jdt.internal.apt.pluggable.core.dispatch.IdeProcessingEnvImpl.getEnclosingIFile(IdeProcessingEnvImpl.java:148)
	at org.eclipse.jdt.internal.apt.pluggable.core.filer.IdeFilerImpl.createSourceFile(IdeFilerImpl.java:186)
	at org.apache.camel.tools.apt.EndpointPropertyConfigurerGenerator.generatePropertyConfigurer(EndpointPropertyConfigurerGenerator.java:76)
	at org.apache.camel.tools.apt.EndpointAnnotationProcessor.generateEndpointConfigurer(EndpointAnnotationProcessor.java:241)
	at org.apache.camel.tools.apt.EndpointAnnotationProcessor.writeJSonSchemeAndPropertyConfigurer(EndpointAnnotationProcessor.java:190)
	at org.apache.camel.tools.apt.EndpointAnnotationProcessor.lambda$processEndpointClass$0(EndpointAnnotationProcessor.java:122)
	at org.apache.camel.tools.apt.AnnotationProcessorHelper.processFile(AnnotationProcessorHelper.java:330)
	at org.apache.camel.tools.apt.EndpointAnnotationProcessor.processEndpointClass(EndpointAnnotationProcessor.java:121)
	at org.apache.camel.tools.apt.EndpointAnnotationProcessor.doProcess(EndpointAnnotationProcessor.java:87)
	at org.apache.camel.tools.apt.AbstractCamelAnnotationProcessor.process(AbstractCamelAnnotationProcessor.java:42)
	at org.eclipse.jdt.internal.compiler.apt.dispatch.RoundDispatcher.handleProcessor(RoundDispatcher.java:142)
	at org.eclipse.jdt.internal.compiler.apt.dispatch.RoundDispatcher.round(RoundDispatcher.java:124)
	at org.eclipse.jdt.internal.compiler.apt.dispatch.BaseAnnotationProcessorManager.processAnnotations(BaseAnnotationProcessorManager.java:171)
	at org.eclipse.jdt.internal.apt.pluggable.core.dispatch.IdeAnnotationProcessorManager.processAnnotations(IdeAnnotationProcessorManager.java:138)
	at org.eclipse.jdt.internal.compiler.Compiler.processAnnotationsInternal(Compiler.java:957)
	at org.eclipse.jdt.internal.compiler.Compiler.processAnnotations(Compiler.java:931)
	at org.eclipse.jdt.internal.compiler.Compiler.compile(Compiler.java:450)
	at org.eclipse.jdt.internal.compiler.Compiler.compile(Compiler.java:426)
	at org.eclipse.jdt.internal.core.builder.AbstractImageBuilder.compile(AbstractImageBuilder.java:386)
	at org.eclipse.jdt.internal.core.builder.IncrementalImageBuilder.compile(IncrementalImageBuilder.java:374)
	at org.eclipse.jdt.internal.core.builder.AbstractImageBuilder.compile(AbstractImageBuilder.java:318)
	at org.eclipse.jdt.internal.core.builder.IncrementalImageBuilder.incrementalBuildLoop(IncrementalImageBuilder.java:189)
	at org.eclipse.jdt.internal.core.builder.IncrementalImageBuilder.build(IncrementalImageBuilder.java:146)
	at org.eclipse.jdt.internal.core.builder.JavaBuilder.buildDeltas(JavaBuilder.java:292)
	at org.eclipse.jdt.internal.core.builder.JavaBuilder.build(JavaBuilder.java:212)
	at org.eclipse.core.internal.events.BuildManager$2.run(BuildManager.java:832)
	at org.eclipse.core.runtime.SafeRunner.run(SafeRunner.java:45)
	at org.eclipse.core.internal.events.BuildManager.basicBuild(BuildManager.java:220)
	at org.eclipse.core.internal.events.BuildManager.basicBuild(BuildManager.java:263)
	at org.eclipse.core.internal.events.BuildManager$1.run(BuildManager.java:316)
	at org.eclipse.core.runtime.SafeRunner.run(SafeRunner.java:45)
	at org.eclipse.core.internal.events.BuildManager.basicBuild(BuildManager.java:319)
	at org.eclipse.core.internal.events.BuildManager.basicBuildLoop(BuildManager.java:371)
	at org.eclipse.core.internal.events.BuildManager.build(BuildManager.java:392)
	at org.eclipse.core.internal.events.AutoBuildJob.doBuild(AutoBuildJob.java:154)
	at org.eclipse.core.internal.events.AutoBuildJob.run(AutoBuildJob.java:244)
	at org.eclipse.core.internal.jobs.Worker.run(Worker.java:63)
Unable to generate source code file: com.naotakapp.camtest.SocTestEndpointConfigurer

java.lang.NullPointerException
	at org.eclipse.jdt.internal.apt.pluggable.core.dispatch.IdeProcessingEnvImpl.getEnclosingIFile(IdeProcessingEnvImpl.java:148)
	at org.eclipse.jdt.internal.apt.pluggable.core.filer.IdeFilerImpl.createSourceFile(IdeFilerImpl.java:186)
	at org.apache.camel.tools.apt.EndpointPropertyConfigurerGenerator.generatePropertyConfigurer(EndpointPropertyConfigurerGenerator.java:76)
	at org.apache.camel.tools.apt.EndpointAnnotationProcessor.generateEndpointConfigurer(EndpointAnnotationProcessor.java:241)
	at org.apache.camel.tools.apt.EndpointAnnotationProcessor.writeJSonSchemeAndPropertyConfigurer(EndpointAnnotationProcessor.java:190)
	at org.apache.camel.tools.apt.EndpointAnnotationProcessor.lambda$processEndpointClass$0(EndpointAnnotationProcessor.java:122)
	at org.apache.camel.tools.apt.AnnotationProcessorHelper.processFile(AnnotationProcessorHelper.java:330)
	at org.apache.camel.tools.apt.EndpointAnnotationProcessor.processEndpointClass(EndpointAnnotationProcessor.java:121)
	at org.apache.camel.tools.apt.EndpointAnnotationProcessor.doProcess(EndpointAnnotationProcessor.java:87)
	at org.apache.camel.tools.apt.AbstractCamelAnnotationProcessor.process(AbstractCamelAnnotationProcessor.java:42)
	at org.eclipse.jdt.internal.compiler.apt.dispatch.RoundDispatcher.handleProcessor(RoundDispatcher.java:142)
	at org.eclipse.jdt.internal.compiler.apt.dispatch.RoundDispatcher.round(RoundDispatcher.java:113)
	at org.eclipse.jdt.internal.compiler.apt.dispatch.BaseAnnotationProcessorManager.processAnnotations(BaseAnnotationProcessorManager.java:171)
	at org.eclipse.jdt.internal.apt.pluggable.core.dispatch.IdeAnnotationProcessorManager.processAnnotations(IdeAnnotationProcessorManager.java:138)
	at org.eclipse.jdt.internal.compiler.Compiler.processAnnotationsInternal(Compiler.java:957)
	at org.eclipse.jdt.internal.compiler.Compiler.processAnnotations(Compiler.java:931)
	at org.eclipse.jdt.internal.compiler.Compiler.compile(Compiler.java:450)
	at org.eclipse.jdt.internal.compiler.Compiler.compile(Compiler.java:426)
	at org.eclipse.jdt.internal.core.builder.AbstractImageBuilder.compile(AbstractImageBuilder.java:386)
	at org.eclipse.jdt.internal.core.builder.IncrementalImageBuilder.compile(IncrementalImageBuilder.java:374)
	at org.eclipse.jdt.internal.core.builder.AbstractImageBuilder.compile(AbstractImageBuilder.java:318)
	at org.eclipse.jdt.internal.core.builder.IncrementalImageBuilder.incrementalBuildLoop(IncrementalImageBuilder.java:189)
	at org.eclipse.jdt.internal.core.builder.IncrementalImageBuilder.build(IncrementalImageBuilder.java:146)
	at org.eclipse.jdt.internal.core.builder.JavaBuilder.buildDeltas(JavaBuilder.java:292)
	at org.eclipse.jdt.internal.core.builder.JavaBuilder.build(JavaBuilder.java:212)
	at org.eclipse.core.internal.events.BuildManager$2.run(BuildManager.java:832)
	at org.eclipse.core.runtime.SafeRunner.run(SafeRunner.java:45)
	at org.eclipse.core.internal.events.BuildManager.basicBuild(BuildManager.java:220)
	at org.eclipse.core.internal.events.BuildManager.basicBuild(BuildManager.java:263)
	at org.eclipse.core.internal.events.BuildManager$1.run(BuildManager.java:316)
	at org.eclipse.core.runtime.SafeRunner.run(SafeRunner.java:45)
	at org.eclipse.core.internal.events.BuildManager.basicBuild(BuildManager.java:319)
	at org.eclipse.core.internal.events.BuildManager.basicBuildLoop(BuildManager.java:371)
	at org.eclipse.core.internal.events.BuildManager.build(BuildManager.java:392)
	at org.eclipse.core.internal.events.AutoBuildJob.doBuild(AutoBuildJob.java:154)
	at org.eclipse.core.internal.events.AutoBuildJob.run(AutoBuildJob.java:244)
	at org.eclipse.core.internal.jobs.Worker.run(Worker.java:63)
Unable to generate source code file: com.naotakapp.camtest.SocTestEndpointConfigurer

java.lang.NullPointerException
	at org.eclipse.jdt.internal.apt.pluggable.core.dispatch.IdeProcessingEnvImpl.getEnclosingIFile(IdeProcessingEnvImpl.java:148)
	at org.eclipse.jdt.internal.apt.pluggable.core.filer.IdeFilerImpl.createSourceFile(IdeFilerImpl.java:186)
	at org.apache.camel.tools.apt.EndpointPropertyConfigurerGenerator.generatePropertyConfigurer(EndpointPropertyConfigurerGenerator.java:76)
	at org.apache.camel.tools.apt.EndpointAnnotationProcessor.generateEndpointConfigurer(EndpointAnnotationProcessor.java:241)
	at org.apache.camel.tools.apt.EndpointAnnotationProcessor.writeJSonSchemeAndPropertyConfigurer(EndpointAnnotationProcessor.java:190)
	at org.apache.camel.tools.apt.EndpointAnnotationProcessor.lambda$processEndpointClass$0(EndpointAnnotationProcessor.java:122)
	at org.apache.camel.tools.apt.AnnotationProcessorHelper.processFile(AnnotationProcessorHelper.java:330)
	at org.apache.camel.tools.apt.EndpointAnnotationProcessor.processEndpointClass(EndpointAnnotationProcessor.java:121)
	at org.apache.camel.tools.apt.EndpointAnnotationProcessor.doProcess(EndpointAnnotationProcessor.java:87)
	at org.apache.camel.tools.apt.AbstractCamelAnnotationProcessor.process(AbstractCamelAnnotationProcessor.java:42)
	at org.eclipse.jdt.internal.compiler.apt.dispatch.RoundDispatcher.handleProcessor(RoundDispatcher.java:142)
	at org.eclipse.jdt.internal.compiler.apt.dispatch.RoundDispatcher.round(RoundDispatcher.java:113)
	at org.eclipse.jdt.internal.compiler.apt.dispatch.BaseAnnotationProcessorManager.processAnnotations(BaseAnnotationProcessorManager.java:171)
	at org.eclipse.jdt.internal.apt.pluggable.core.dispatch.IdeAnnotationProcessorManager.processAnnotations(IdeAnnotationProcessorManager.java:138)
	at org.eclipse.jdt.internal.compiler.Compiler.processAnnotationsInternal(Compiler.java:957)
	at org.eclipse.jdt.internal.compiler.Compiler.processAnnotations(Compiler.java:931)
	at org.eclipse.jdt.internal.compiler.Compiler.compile(Compiler.java:450)
	at org.eclipse.jdt.internal.compiler.Compiler.compile(Compiler.java:426)
	at org.eclipse.jdt.internal.core.builder.AbstractImageBuilder.compile(AbstractImageBuilder.java:386)
	at org.eclipse.jdt.internal.core.builder.IncrementalImageBuilder.compile(IncrementalImageBuilder.java:374)
	at org.eclipse.jdt.internal.core.builder.AbstractImageBuilder.compile(AbstractImageBuilder.java:318)
	at org.eclipse.jdt.internal.core.builder.IncrementalImageBuilder.incrementalBuildLoop(IncrementalImageBuilder.java:189)
	at org.eclipse.jdt.internal.core.builder.IncrementalImageBuilder.build(IncrementalImageBuilder.java:146)
	at org.eclipse.jdt.internal.core.builder.JavaBuilder.buildDeltas(JavaBuilder.java:292)
	at org.eclipse.jdt.internal.core.builder.JavaBuilder.build(JavaBuilder.java:212)
	at org.eclipse.core.internal.events.BuildManager$2.run(BuildManager.java:832)
	at org.eclipse.core.runtime.SafeRunner.run(SafeRunner.java:45)
	at org.eclipse.core.internal.events.BuildManager.basicBuild(BuildManager.java:220)
	at org.eclipse.core.internal.events.BuildManager.basicBuild(BuildManager.java:263)
	at org.eclipse.core.internal.events.BuildManager$1.run(BuildManager.java:316)
	at org.eclipse.core.runtime.SafeRunner.run(SafeRunner.java:45)
	at org.eclipse.core.internal.events.BuildManager.basicBuild(BuildManager.java:319)
	at org.eclipse.core.internal.events.BuildManager.basicBuildLoop(BuildManager.java:371)
	at org.eclipse.core.internal.events.BuildManager.build(BuildManager.java:392)
	at org.eclipse.core.internal.events.AutoBuildJob.doBuild(AutoBuildJob.java:154)
	at org.eclipse.core.internal.events.AutoBuildJob.run(AutoBuildJob.java:244)
	at org.eclipse.core.internal.jobs.Worker.run(Worker.java:63)
Unable to generate source code file: com.naotakapp.camtest.SocTestEndpointConfigurer

java.lang.NullPointerException
	at org.eclipse.jdt.internal.apt.pluggable.core.dispatch.IdeProcessingEnvImpl.getEnclosingIFile(IdeProcessingEnvImpl.java:148)
	at org.eclipse.jdt.internal.apt.pluggable.core.filer.IdeFilerImpl.createSourceFile(IdeFilerImpl.java:186)
	at org.apache.camel.tools.apt.EndpointPropertyConfigurerGenerator.generatePropertyConfigurer(EndpointPropertyConfigurerGenerator.java:76)
	at org.apache.camel.tools.apt.EndpointAnnotationProcessor.generateEndpointConfigurer(EndpointAnnotationProcessor.java:241)
	at org.apache.camel.tools.apt.EndpointAnnotationProcessor.writeJSonSchemeAndPropertyConfigurer(EndpointAnnotationProcessor.java:190)
	at org.apache.camel.tools.apt.EndpointAnnotationProcessor.lambda$processEndpointClass$0(EndpointAnnotationProcessor.java:122)
	at org.apache.camel.tools.apt.AnnotationProcessorHelper.processFile(AnnotationProcessorHelper.java:330)
	at org.apache.camel.tools.apt.EndpointAnnotationProcessor.processEndpointClass(EndpointAnnotationProcessor.java:121)
	at org.apache.camel.tools.apt.EndpointAnnotationProcessor.doProcess(EndpointAnnotationProcessor.java:87)
	at org.apache.camel.tools.apt.AbstractCamelAnnotationProcessor.process(AbstractCamelAnnotationProcessor.java:42)
	at org.eclipse.jdt.internal.compiler.apt.dispatch.RoundDispatcher.handleProcessor(RoundDispatcher.java:142)
	at org.eclipse.jdt.internal.compiler.apt.dispatch.RoundDispatcher.round(RoundDispatcher.java:113)
	at org.eclipse.jdt.internal.compiler.apt.dispatch.BaseAnnotationProcessorManager.processAnnotations(BaseAnnotationProcessorManager.java:171)
	at org.eclipse.jdt.internal.apt.pluggable.core.dispatch.IdeAnnotationProcessorManager.processAnnotations(IdeAnnotationProcessorManager.java:138)
	at org.eclipse.jdt.internal.compiler.Compiler.processAnnotationsInternal(Compiler.java:957)
	at org.eclipse.jdt.internal.compiler.Compiler.processAnnotations(Compiler.java:931)
	at org.eclipse.jdt.internal.compiler.Compiler.compile(Compiler.java:450)
	at org.eclipse.jdt.internal.compiler.Compiler.compile(Compiler.java:426)
	at org.eclipse.jdt.internal.core.builder.AbstractImageBuilder.compile(AbstractImageBuilder.java:386)
	at org.eclipse.jdt.internal.core.builder.IncrementalImageBuilder.compile(IncrementalImageBuilder.java:374)
	at org.eclipse.jdt.internal.core.builder.AbstractImageBuilder.compile(AbstractImageBuilder.java:318)
	at org.eclipse.jdt.internal.core.builder.IncrementalImageBuilder.incrementalBuildLoop(IncrementalImageBuilder.java:189)
	at org.eclipse.jdt.internal.core.builder.IncrementalImageBuilder.build(IncrementalImageBuilder.java:146)
	at org.eclipse.jdt.internal.core.builder.JavaBuilder.buildDeltas(JavaBuilder.java:292)
	at org.eclipse.jdt.internal.core.builder.JavaBuilder.build(JavaBuilder.java:212)
	at org.eclipse.core.internal.events.BuildManager$2.run(BuildManager.java:832)
	at org.eclipse.core.runtime.SafeRunner.run(SafeRunner.java:45)
	at org.eclipse.core.internal.events.BuildManager.basicBuild(BuildManager.java:220)
	at org.eclipse.core.internal.events.BuildManager.basicBuild(BuildManager.java:263)
	at org.eclipse.core.internal.events.BuildManager$1.run(BuildManager.java:316)
	at org.eclipse.core.runtime.SafeRunner.run(SafeRunner.java:45)
	at org.eclipse.core.internal.events.BuildManager.basicBuild(BuildManager.java:319)
	at org.eclipse.core.internal.events.BuildManager.basicBuildLoop(BuildManager.java:371)
	at org.eclipse.core.internal.events.BuildManager.build(BuildManager.java:392)
	at org.eclipse.core.internal.events.AutoBuildJob.doBuild(AutoBuildJob.java:154)
	at org.eclipse.core.internal.events.AutoBuildJob.run(AutoBuildJob.java:244)
	at org.eclipse.core.internal.jobs.Worker.run(Worker.java:63)
